b:\visual_studio_projects\swge\graphics\x64\debug\graphics.pch
b:\visual_studio_projects\swge\x64\debug\graphics.pdb
b:\visual_studio_projects\swge\x64\debug\graphics.idb
b:\visual_studio_projects\swge\graphics\x64\debug\precompiled.obj
b:\visual_studio_projects\swge\graphics\x64\debug\cameranode.obj
b:\visual_studio_projects\swge\graphics\x64\debug\sampler.obj
b:\visual_studio_projects\swge\graphics\x64\debug\rendertarget.obj
b:\visual_studio_projects\swge\graphics\x64\debug\rasterizerstate.obj
b:\visual_studio_projects\swge\graphics\x64\debug\pixelshader.obj
b:\visual_studio_projects\swge\graphics\x64\debug\model.obj
b:\visual_studio_projects\swge\graphics\x64\debug\meshbuilder.obj
b:\visual_studio_projects\swge\graphics\x64\debug\meshbuffer.obj
b:\visual_studio_projects\swge\graphics\x64\debug\mesh.obj
b:\visual_studio_projects\swge\graphics\x64\debug\matrixstack.obj
b:\visual_studio_projects\swge\graphics\x64\debug\heightmap.obj
b:\visual_studio_projects\swge\graphics\x64\debug\graphicssystem.obj
b:\visual_studio_projects\swge\graphics\x64\debug\depthmap.obj
b:\visual_studio_projects\swge\graphics\x64\debug\constantbuffer.obj
b:\visual_studio_projects\swge\graphics\x64\debug\camera.obj
b:\visual_studio_projects\swge\graphics\x64\debug\boneanimation.obj
b:\visual_studio_projects\swge\graphics\x64\debug\animationmodel.obj
b:\visual_studio_projects\swge\graphics\x64\debug\animationclip.obj
b:\visual_studio_projects\swge\graphics\x64\debug\animationbuilder.obj
b:\visual_studio_projects\swge\graphics\x64\debug\animation.obj
b:\visual_studio_projects\swge\graphics\x64\debug\vertexshader.obj
b:\visual_studio_projects\swge\graphics\x64\debug\transform.obj
b:\visual_studio_projects\swge\graphics\x64\debug\texture.obj
b:\visual_studio_projects\swge\graphics\x64\debug\terrain.obj
b:\visual_studio_projects\swge\graphics\x64\debug\skinnedmesh.obj
b:\visual_studio_projects\swge\graphics\x64\debug\simpledraw.obj
b:\visual_studio_projects\swge\graphics\x64\debug\transformnode.obj
b:\visual_studio_projects\swge\graphics\x64\debug\texturenode.obj
b:\visual_studio_projects\swge\graphics\x64\debug\shadernode.obj
b:\visual_studio_projects\swge\graphics\x64\debug\scenenode.obj
b:\visual_studio_projects\swge\graphics\x64\debug\scenemanager.obj
b:\visual_studio_projects\swge\graphics\x64\debug\samplernode.obj
b:\visual_studio_projects\swge\graphics\x64\debug\rendertargetnode.obj
b:\visual_studio_projects\swge\graphics\x64\debug\rasterizerstatenode.obj
b:\visual_studio_projects\swge\graphics\x64\debug\meshnode.obj
b:\visual_studio_projects\swge\graphics\x64\debug\materialnode.obj
b:\visual_studio_projects\swge\graphics\x64\debug\lightnode.obj
b:\visual_studio_projects\swge\graphics\x64\debug\depthmapnode.obj
b:\visual_studio_projects\swge\graphics\x64\debug\constantbuffernode.obj
b:\visual_studio_projects\swge\x64\debug\graphics.lib
b:\visual_studio_projects\swge\graphics\x64\debug\graphics.tlog\cl.command.1.tlog
b:\visual_studio_projects\swge\graphics\x64\debug\graphics.tlog\cl.read.1.tlog
b:\visual_studio_projects\swge\graphics\x64\debug\graphics.tlog\cl.write.1.tlog
b:\visual_studio_projects\swge\graphics\x64\debug\graphics.tlog\lib-link.read.1.tlog
b:\visual_studio_projects\swge\graphics\x64\debug\graphics.tlog\lib-link.write.1.tlog
b:\visual_studio_projects\swge\graphics\x64\debug\graphics.tlog\lib.command.1.tlog
