b:\visual_studio_projects\swge\core\x64\debug\core.pch
b:\visual_studio_projects\swge\x64\debug\core.pdb
b:\visual_studio_projects\swge\x64\debug\core.idb
b:\visual_studio_projects\swge\core\x64\debug\precompiled.obj
b:\visual_studio_projects\swge\core\x64\debug\window.obj
b:\visual_studio_projects\swge\core\x64\debug\utility.obj
b:\visual_studio_projects\swge\core\x64\debug\timer.obj
b:\visual_studio_projects\swge\core\x64\debug\blockallocator.obj
b:\visual_studio_projects\swge\core\x64\debug\application.obj
b:\visual_studio_projects\swge\core\x64\debug\metatype.obj
b:\visual_studio_projects\swge\core\x64\debug\metaregistry.obj
b:\visual_studio_projects\swge\core\x64\debug\metaregistration.obj
b:\visual_studio_projects\swge\core\x64\debug\metafield.obj
b:\visual_studio_projects\swge\core\x64\debug\metaclass.obj
b:\visual_studio_projects\swge\core\x64\debug\meta.obj
b:\visual_studio_projects\swge\x64\debug\core.lib
b:\visual_studio_projects\swge\core\x64\debug\core.tlog\cl.command.1.tlog
b:\visual_studio_projects\swge\core\x64\debug\core.tlog\cl.read.1.tlog
b:\visual_studio_projects\swge\core\x64\debug\core.tlog\cl.write.1.tlog
b:\visual_studio_projects\swge\core\x64\debug\core.tlog\lib-link.read.1.tlog
b:\visual_studio_projects\swge\core\x64\debug\core.tlog\lib-link.write.1.tlog
b:\visual_studio_projects\swge\core\x64\debug\core.tlog\lib.command.1.tlog
