b:\visual_studio_projects\swge\graphics\debug\graphics.pch
b:\visual_studio_projects\swge\debug\graphics.pdb
b:\visual_studio_projects\swge\debug\graphics.idb
b:\visual_studio_projects\swge\graphics\debug\precompiled.obj
b:\visual_studio_projects\swge\graphics\debug\cameranode.obj
b:\visual_studio_projects\swge\graphics\debug\sampler.obj
b:\visual_studio_projects\swge\graphics\debug\rendertarget.obj
b:\visual_studio_projects\swge\graphics\debug\rasterizerstate.obj
b:\visual_studio_projects\swge\graphics\debug\pixelshader.obj
b:\visual_studio_projects\swge\graphics\debug\model.obj
b:\visual_studio_projects\swge\graphics\debug\meshbuilder.obj
b:\visual_studio_projects\swge\graphics\debug\meshbuffer.obj
b:\visual_studio_projects\swge\graphics\debug\mesh.obj
b:\visual_studio_projects\swge\graphics\debug\matrixstack.obj
b:\visual_studio_projects\swge\graphics\debug\heightmap.obj
b:\visual_studio_projects\swge\graphics\debug\graphicssystem.obj
b:\visual_studio_projects\swge\graphics\debug\depthmap.obj
b:\visual_studio_projects\swge\graphics\debug\constantbuffer.obj
b:\visual_studio_projects\swge\graphics\debug\camera.obj
b:\visual_studio_projects\swge\graphics\debug\boneanimation.obj
b:\visual_studio_projects\swge\graphics\debug\animationmodel.obj
b:\visual_studio_projects\swge\graphics\debug\animationclip.obj
b:\visual_studio_projects\swge\graphics\debug\animationbuilder.obj
b:\visual_studio_projects\swge\graphics\debug\animation.obj
b:\visual_studio_projects\swge\graphics\debug\vertexshader.obj
b:\visual_studio_projects\swge\graphics\debug\transform.obj
b:\visual_studio_projects\swge\graphics\debug\texture.obj
b:\visual_studio_projects\swge\graphics\debug\terrain.obj
b:\visual_studio_projects\swge\graphics\debug\skinnedmesh.obj
b:\visual_studio_projects\swge\graphics\debug\simpledraw.obj
b:\visual_studio_projects\swge\graphics\debug\transformnode.obj
b:\visual_studio_projects\swge\graphics\debug\texturenode.obj
b:\visual_studio_projects\swge\graphics\debug\shadernode.obj
b:\visual_studio_projects\swge\graphics\debug\scenenode.obj
b:\visual_studio_projects\swge\graphics\debug\scenemanager.obj
b:\visual_studio_projects\swge\graphics\debug\samplernode.obj
b:\visual_studio_projects\swge\graphics\debug\rendertargetnode.obj
b:\visual_studio_projects\swge\graphics\debug\rasterizerstatenode.obj
b:\visual_studio_projects\swge\graphics\debug\meshnode.obj
b:\visual_studio_projects\swge\graphics\debug\materialnode.obj
b:\visual_studio_projects\swge\graphics\debug\lightnode.obj
b:\visual_studio_projects\swge\graphics\debug\depthmapnode.obj
b:\visual_studio_projects\swge\graphics\debug\constantbuffernode.obj
b:\visual_studio_projects\swge\debug\graphics.lib
b:\visual_studio_projects\swge\graphics\debug\graphics.tlog\cl.command.1.tlog
b:\visual_studio_projects\swge\graphics\debug\graphics.tlog\cl.read.1.tlog
b:\visual_studio_projects\swge\graphics\debug\graphics.tlog\cl.write.1.tlog
b:\visual_studio_projects\swge\graphics\debug\graphics.tlog\lib-link.read.1.tlog
b:\visual_studio_projects\swge\graphics\debug\graphics.tlog\lib-link.write.1.tlog
b:\visual_studio_projects\swge\graphics\debug\graphics.tlog\lib.command.1.tlog
