b:\visual_studio_projects\swge\core\debug\core.pch
b:\visual_studio_projects\swge\debug\core.pdb
b:\visual_studio_projects\swge\debug\core.idb
b:\visual_studio_projects\swge\core\debug\precompiled.obj
b:\visual_studio_projects\swge\core\debug\window.obj
b:\visual_studio_projects\swge\core\debug\timer.obj
b:\visual_studio_projects\swge\core\debug\blockallocator.obj
b:\visual_studio_projects\swge\core\debug\application.obj
b:\visual_studio_projects\swge\core\debug\metatype.obj
b:\visual_studio_projects\swge\core\debug\metaregistry.obj
b:\visual_studio_projects\swge\core\debug\metaregistration.obj
b:\visual_studio_projects\swge\core\debug\metafield.obj
b:\visual_studio_projects\swge\core\debug\metaclass.obj
b:\visual_studio_projects\swge\core\debug\meta.obj
b:\visual_studio_projects\swge\core\debug\utility.obj
b:\visual_studio_projects\swge\debug\core.lib
b:\visual_studio_projects\swge\core\debug\core.tlog\cl.command.1.tlog
b:\visual_studio_projects\swge\core\debug\core.tlog\cl.read.1.tlog
b:\visual_studio_projects\swge\core\debug\core.tlog\cl.write.1.tlog
b:\visual_studio_projects\swge\core\debug\core.tlog\lib-link.read.1.tlog
b:\visual_studio_projects\swge\core\debug\core.tlog\lib-link.write.1.tlog
b:\visual_studio_projects\swge\core\debug\core.tlog\lib.command.1.tlog
